Using pre-set license
Built from '2020.3/staging' branch; Version is '2020.3.26f1 (7298b473bc1a) revision 7510196'; Using compiler version '192528614'; Build Type 'Release'
OS: 'Windows 10  (10.0.19043) 64bit Professional' Language: 'en' Physical Memory: 16310 MB
BatchMode: 1, IsHumanControllingUs: 0, StartBugReporterOnCrash: 0, Is64bit: 1, IsPro: 0

COMMAND LINE ARGUMENTS:
C:\Program Files\Unity\Hub\Editor\2020.3.26f1\Editor\Unity.exe
-adb2
-batchMode
-noUpm
-name
AssetImportWorker0
-projectPath
C:/Users/neil_/Desktop/finals/Block Breaker
-logFile
Logs/AssetImportWorker0.log
-srvPort
64924
Successfully changed project path to: C:/Users/neil_/Desktop/finals/Block Breaker
C:/Users/neil_/Desktop/finals/Block Breaker
Using Asset Import Pipeline V2.
Refreshing native plugins compatible for Editor in 88.44 ms, found 2 plugins.
Preloading 0 native plugins for Editor in 0.00 ms.
Initialize engine version: 2020.3.26f1 (7298b473bc1a)
[Subsystems] Discovering subsystems at path C:/Program Files/Unity/Hub/Editor/2020.3.26f1/Editor/Data/Resources/UnitySubsystems
[Subsystems] Discovering subsystems at path C:/Users/neil_/Desktop/finals/Block Breaker/Assets
GfxDevice: creating device client; threaded=0
Direct3D:
    Version:  Direct3D 11.0 [level 11.1]
    Renderer: Radeon RX 580 Series (ID=0x67df)
    Vendor:   
    VRAM:     8171 MB
    Driver:   30.0.13025.5005
Initialize mono
Mono path[0] = 'C:/Program Files/Unity/Hub/Editor/2020.3.26f1/Editor/Data/Managed'
Mono path[1] = 'C:/Program Files/Unity/Hub/Editor/2020.3.26f1/Editor/Data/MonoBleedingEdge/lib/mono/unityjit'
Mono config path = 'C:/Program Files/Unity/Hub/Editor/2020.3.26f1/Editor/Data/MonoBleedingEdge/etc'
Using monoOptions --debugger-agent=transport=dt_socket,embedding=1,server=y,suspend=n,address=127.0.0.1:56636
Begin MonoManager ReloadAssembly
Registering precompiled unity dll's ...
Register platform support module: C:/Program Files/Unity/Hub/Editor/2020.3.26f1/Editor/Data/PlaybackEngines/WindowsStandaloneSupport/UnityEditor.WindowsStandalone.Extensions.dll
Registered in 0.003148 seconds.
Native extension for WindowsStandalone target not found
Refreshing native plugins compatible for Editor in 62.84 ms, found 2 plugins.
Preloading 0 native plugins for Editor in 0.00 ms.
Mono: successfully reloaded assembly
- Completed reload, in  0.702 seconds
Domain Reload Profiling:
	ReloadAssembly (702ms)
		BeginReloadAssembly (71ms)
			ExecutionOrderSort (0ms)
			DisableScriptedObjects (0ms)
			BackupInstance (0ms)
			ReleaseScriptingObjects (0ms)
			CreateAndSetChildDomain (1ms)
		EndReloadAssembly (536ms)
			LoadAssemblies (67ms)
			RebuildTransferFunctionScriptingTraits (0ms)
			SetupTypeCache (175ms)
			ReleaseScriptCaches (0ms)
			RebuildScriptCaches (36ms)
			SetupLoadedEditorAssemblies (210ms)
				LogAssemblyErrors (0ms)
				InitializePlatformSupportModulesInManaged (5ms)
				SetLoadedEditorAssemblies (0ms)
				RefreshPlugins (63ms)
				BeforeProcessingInitializeOnLoad (9ms)
				ProcessInitializeOnLoadAttributes (95ms)
				ProcessInitializeOnLoadMethodAttributes (37ms)
				AfterProcessingInitializeOnLoad (0ms)
				EditorAssembliesLoaded (0ms)
			ExecutionOrderSort2 (0ms)
			AwakeInstancesAfterBackupRestoration (0ms)
Platform modules already initialized, skipping
Registering precompiled user dll's ...
Registered in 0.008038 seconds.
Begin MonoManager ReloadAssembly
Native extension for WindowsStandalone target not found
Refreshing native plugins compatible for Editor in 0.73 ms, found 2 plugins.
Preloading 0 native plugins for Editor in 0.00 ms.
Mono: successfully reloaded assembly
- Completed reload, in  1.316 seconds
Domain Reload Profiling:
	ReloadAssembly (1317ms)
		BeginReloadAssembly (174ms)
			ExecutionOrderSort (0ms)
			DisableScriptedObjects (6ms)
			BackupInstance (0ms)
			ReleaseScriptingObjects (0ms)
			CreateAndSetChildDomain (21ms)
		EndReloadAssembly (1064ms)
			LoadAssemblies (109ms)
			RebuildTransferFunctionScriptingTraits (0ms)
			SetupTypeCache (347ms)
			ReleaseScriptCaches (0ms)
			RebuildScriptCaches (47ms)
			SetupLoadedEditorAssemblies (440ms)
				LogAssemblyErrors (0ms)
				InitializePlatformSupportModulesInManaged (5ms)
				SetLoadedEditorAssemblies (1ms)
				RefreshPlugins (1ms)
				BeforeProcessingInitializeOnLoad (89ms)
				ProcessInitializeOnLoadAttributes (283ms)
				ProcessInitializeOnLoadMethodAttributes (51ms)
				AfterProcessingInitializeOnLoad (10ms)
				EditorAssembliesLoaded (0ms)
			ExecutionOrderSort2 (0ms)
			AwakeInstancesAfterBackupRestoration (8ms)
Platform modules already initialized, skipping
========================================================================
Worker process is ready to serve import requests
Launched and connected shader compiler UnityShaderCompiler.exe after 0.07 seconds
Refreshing native plugins compatible for Editor in 0.72 ms, found 2 plugins.
Preloading 0 native plugins for Editor in 0.00 ms.
Unloading 2134 Unused Serialized files (Serialized files now loaded: 0)
System memory in use before: 84.9 MB.
System memory in use after: 85.0 MB.

Unloading 58 unused Assets to reduce memory usage. Loaded Objects now: 2536.
Total: 7.995000 ms (FindLiveObjects: 0.175800 ms CreateObjectMapping: 0.049800 ms MarkObjects: 7.687500 ms  DeleteObjects: 0.080900 ms)

AssetImportParameters requested are different than current active one (requested -> active):
  custom:framework-win-MediaFoundation: 216162199b28c13a410421893ffa2e32 -> 
  custom:video-decoder-ogg-theora: a1e56fd34408186e4bbccfd4996cb3dc -> 
  custom:container-muxer-webm: aa71ff27fc2769a1b78a27578f13a17b -> 
  custom:container-demuxer-webm: 4f35f7cbe854078d1ac9338744f61a02 -> 
  custom:container-demuxer-ogg: 62fdf1f143b41e24485cea50d1cbac27 -> 
  custom:video-encoder-webm-vp8: eb34c28f22e8b96e1ab97ce403110664 -> 
  custom:video-decoder-webm-vp8: 9c59270c3fd7afecdb556c50c9e8de78 -> 
  custom:audio-decoder-ogg-vorbis: bf7c407c2cedff20999df2af8eb42d56 -> 
  custom:audio-encoder-webm-vorbis: bf7c407c2cedff20999df2af8eb42d56 -> 
========================================================================
Received Import Request.
  path: Assets/17125224860_9383721ca7_c.jpg
  artifactKey: Guid(5591bded2f0b52f45ad7ef64397fabc6) Importer(815301076,1909f56bfc062723c751e8b465ee728b)
Start importing Assets/17125224860_9383721ca7_c.jpg using Guid(5591bded2f0b52f45ad7ef64397fabc6) Importer(815301076,1909f56bfc062723c751e8b465ee728b)  -> (artifact id: '09c04f011937856c39670c06740b7ec7') in 0.172983 seconds 
  Import took 0.176169 seconds .

========================================================================
Received Import Request.
  Time since last request: 70.803191 seconds.
  path: Assets/Materials
  artifactKey: Guid(9813020182797254ca26177d30cd2b75) Importer(815301076,1909f56bfc062723c751e8b465ee728b)
Start importing Assets/Materials using Guid(9813020182797254ca26177d30cd2b75) Importer(815301076,1909f56bfc062723c751e8b465ee728b)  -> (artifact id: '8adcb0f43a9df2fa106d59f8fc3c4e34') in 0.009533 seconds 
  Import took 0.012722 seconds .

========================================================================
Received Import Request.
  Time since last request: 0.727177 seconds.
  path: Assets/Resources
  artifactKey: Guid(69ef3a16f8d5efb4d8ffc7604892fddc) Importer(815301076,1909f56bfc062723c751e8b465ee728b)
Start importing Assets/Resources using Guid(69ef3a16f8d5efb4d8ffc7604892fddc) Importer(815301076,1909f56bfc062723c751e8b465ee728b)  -> (artifact id: '6d69c37ae1d32c732adbb1444c2c2e71') in 0.009456 seconds 
  Import took 0.012476 seconds .

========================================================================
Received Import Request.
  Time since last request: 0.673715 seconds.
  path: Assets/Prefabs
  artifactKey: Guid(d480779b257373440ae5eebcdc3c37b4) Importer(815301076,1909f56bfc062723c751e8b465ee728b)
Start importing Assets/Prefabs using Guid(d480779b257373440ae5eebcdc3c37b4) Importer(815301076,1909f56bfc062723c751e8b465ee728b)  -> (artifact id: '1294dd162ecad1e017421abc6b62da09') in 0.010767 seconds 
  Import took 0.013848 seconds .

========================================================================
Received Import Request.
  Time since last request: 0.100897 seconds.
  path: Assets/Prefabs/Ball.prefab
  artifactKey: Guid(334f0d9d62a4a3440912107d04e6143d) Importer(815301076,1909f56bfc062723c751e8b465ee728b)
Start importing Assets/Prefabs/Ball.prefab using Guid(334f0d9d62a4a3440912107d04e6143d) Importer(815301076,1909f56bfc062723c751e8b465ee728b)  -> (artifact id: 'f70659176606d13987ef7134be9a5e48') in 0.050503 seconds 
  Import took 0.053646 seconds .

========================================================================
Received Import Request.
  Time since last request: 0.000172 seconds.
  path: Assets/Prefabs/Smoke.prefab
  artifactKey: Guid(9dc37a043313ded4d93b0526970c50f8) Importer(815301076,1909f56bfc062723c751e8b465ee728b)
Start importing Assets/Prefabs/Smoke.prefab using Guid(9dc37a043313ded4d93b0526970c50f8) Importer(815301076,1909f56bfc062723c751e8b465ee728b)  -> (artifact id: '47cc0ca8beb8ee3261725c755354c68c') in 0.034967 seconds 
  Import took 0.037833 seconds .

========================================================================
Received Import Request.
  Time since last request: 0.000186 seconds.
  path: Assets/Prefabs/Paddle.prefab
  artifactKey: Guid(8bd9d1e6b2a641a4c9444adcdb2b15b3) Importer(815301076,1909f56bfc062723c751e8b465ee728b)
Start importing Assets/Prefabs/Paddle.prefab using Guid(8bd9d1e6b2a641a4c9444adcdb2b15b3) Importer(815301076,1909f56bfc062723c751e8b465ee728b)  -> (artifact id: 'c3d2e0cb90c2fd1536763d3e49caf644') in 0.016481 seconds 
  Import took 0.019609 seconds .

========================================================================
Received Import Request.
  Time since last request: 0.000186 seconds.
  path: Assets/Prefabs/Yellow.prefab
  artifactKey: Guid(b10fe415befbc16419b12616d8daf45b) Importer(815301076,1909f56bfc062723c751e8b465ee728b)
Start importing Assets/Prefabs/Yellow.prefab using Guid(b10fe415befbc16419b12616d8daf45b) Importer(815301076,1909f56bfc062723c751e8b465ee728b)  -> (artifact id: 'efaafd1de183a7d3f7f8a1ecdc1f45ba') in 0.022900 seconds 
  Import took 0.025892 seconds .

========================================================================
Received Import Request.
  Time since last request: 0.000176 seconds.
  path: Assets/Prefabs/Red.prefab
  artifactKey: Guid(924a1ac823c352d4cad742f72e632e80) Importer(815301076,1909f56bfc062723c751e8b465ee728b)
Start importing Assets/Prefabs/Red.prefab using Guid(924a1ac823c352d4cad742f72e632e80) Importer(815301076,1909f56bfc062723c751e8b465ee728b)  -> (artifact id: '158cf4035b9e6f822029be134e261435') in 0.020159 seconds 
  Import took 0.023296 seconds .

========================================================================
Received Import Request.
  Time since last request: 0.000174 seconds.
  path: Assets/Prefabs/Invincible.prefab
  artifactKey: Guid(e0c21d342fd6b9945a020cb2da47f213) Importer(815301076,1909f56bfc062723c751e8b465ee728b)
Start importing Assets/Prefabs/Invincible.prefab using Guid(e0c21d342fd6b9945a020cb2da47f213) Importer(815301076,1909f56bfc062723c751e8b465ee728b)  -> (artifact id: 'fbc987654a8447f13e2c64e24d1db03a') in 0.015655 seconds 
  Import took 0.018689 seconds .

========================================================================
Received Import Request.
  Time since last request: 0.000174 seconds.
  path: Assets/Prefabs/LevelManager.prefab
  artifactKey: Guid(9df1c02de5a6f09459fdd34b1e8106fe) Importer(815301076,1909f56bfc062723c751e8b465ee728b)
Start importing Assets/Prefabs/LevelManager.prefab using Guid(9df1c02de5a6f09459fdd34b1e8106fe) Importer(815301076,1909f56bfc062723c751e8b465ee728b)  -> (artifact id: '6a27c3260cd7835856e03087e9f74b98') in 0.009955 seconds 
  Import took 0.013032 seconds .

========================================================================
Received Import Request.
  Time since last request: 0.000229 seconds.
  path: Assets/Prefabs/Purple.prefab
  artifactKey: Guid(078eee5a7fb805642a3df87dca89eb59) Importer(815301076,1909f56bfc062723c751e8b465ee728b)
Start importing Assets/Prefabs/Purple.prefab using Guid(078eee5a7fb805642a3df87dca89eb59) Importer(815301076,1909f56bfc062723c751e8b465ee728b)  -> (artifact id: '6df77ca2dc45407a91bc25dd93881127') in 0.020434 seconds 
  Import took 0.023738 seconds .

========================================================================
Received Import Request.
  Time since last request: 0.000175 seconds.
  path: Assets/Prefabs/Main Camera.prefab
  artifactKey: Guid(7e87867fe50548c4481915c89e93ad07) Importer(815301076,1909f56bfc062723c751e8b465ee728b)
Start importing Assets/Prefabs/Main Camera.prefab using Guid(7e87867fe50548c4481915c89e93ad07) Importer(815301076,1909f56bfc062723c751e8b465ee728b)  -> (artifact id: '3028144044b0e6cac44343de46077c8f') in 0.009595 seconds 
  Import took 0.012685 seconds .

========================================================================
Received Import Request.
  Time since last request: 0.000167 seconds.
  path: Assets/Prefabs/Play Space.prefab
  artifactKey: Guid(52700087091154d41ab5d0c66e7ea90a) Importer(815301076,1909f56bfc062723c751e8b465ee728b)
Start importing Assets/Prefabs/Play Space.prefab using Guid(52700087091154d41ab5d0c66e7ea90a) Importer(815301076,1909f56bfc062723c751e8b465ee728b)  -> (artifact id: '82d28c580d73031e6ae5a681a6a36a8a') in 0.020986 seconds 
  Import took 0.024774 seconds .

========================================================================
Received Prepare
Registering precompiled user dll's ...
Registered in 0.007594 seconds.
Begin MonoManager ReloadAssembly
Native extension for WindowsStandalone target not found
Refreshing native plugins compatible for Editor in 0.80 ms, found 2 plugins.
Preloading 0 native plugins for Editor in 0.00 ms.
Mono: successfully reloaded assembly
- Completed reload, in  1.257 seconds
Domain Reload Profiling:
	ReloadAssembly (1258ms)
		BeginReloadAssembly (131ms)
			ExecutionOrderSort (0ms)
			DisableScriptedObjects (9ms)
			BackupInstance (0ms)
			ReleaseScriptingObjects (0ms)
			CreateAndSetChildDomain (37ms)
		EndReloadAssembly (1040ms)
			LoadAssemblies (116ms)
			RebuildTransferFunctionScriptingTraits (0ms)
			SetupTypeCache (335ms)
			ReleaseScriptCaches (1ms)
			RebuildScriptCaches (53ms)
			SetupLoadedEditorAssemblies (415ms)
				LogAssemblyErrors (0ms)
				InitializePlatformSupportModulesInManaged (5ms)
				SetLoadedEditorAssemblies (1ms)
				RefreshPlugins (1ms)
				BeforeProcessingInitializeOnLoad (97ms)
				ProcessInitializeOnLoadAttributes (255ms)
				ProcessInitializeOnLoadMethodAttributes (45ms)
				AfterProcessingInitializeOnLoad (12ms)
				EditorAssembliesLoaded (0ms)
			ExecutionOrderSort2 (0ms)
			AwakeInstancesAfterBackupRestoration (9ms)
Platform modules already initialized, skipping
Refreshing native plugins compatible for Editor in 0.95 ms, found 2 plugins.
Preloading 0 native plugins for Editor in 0.00 ms.
Unloading 2128 Unused Serialized files (Serialized files now loaded: 0)
System memory in use before: 87.7 MB.
System memory in use after: 87.8 MB.

Unloading 51 unused Assets to reduce memory usage. Loaded Objects now: 2549.
Total: 6.703200 ms (FindLiveObjects: 0.173100 ms CreateObjectMapping: 0.051200 ms MarkObjects: 6.420700 ms  DeleteObjects: 0.057000 ms)

AssetImportParameters requested are different than current active one (requested -> active):
  custom:framework-win-MediaFoundation: 216162199b28c13a410421893ffa2e32 -> 
  custom:video-decoder-ogg-theora: a1e56fd34408186e4bbccfd4996cb3dc -> 
  custom:container-muxer-webm: aa71ff27fc2769a1b78a27578f13a17b -> 
  custom:container-demuxer-webm: 4f35f7cbe854078d1ac9338744f61a02 -> 
  custom:container-demuxer-ogg: 62fdf1f143b41e24485cea50d1cbac27 -> 
  custom:video-encoder-webm-vp8: eb34c28f22e8b96e1ab97ce403110664 -> 
  custom:video-decoder-webm-vp8: 9c59270c3fd7afecdb556c50c9e8de78 -> 
  custom:audio-decoder-ogg-vorbis: bf7c407c2cedff20999df2af8eb42d56 -> 
  custom:audio-encoder-webm-vorbis: bf7c407c2cedff20999df2af8eb42d56 -> 
========================================================================
Received Import Request.
  Time since last request: 10.922048 seconds.
  path: Assets/Prefabs/Yellow.prefab
  artifactKey: Guid(b10fe415befbc16419b12616d8daf45b) Importer(815301076,1909f56bfc062723c751e8b465ee728b)
Start importing Assets/Prefabs/Yellow.prefab using Guid(b10fe415befbc16419b12616d8daf45b) Importer(815301076,1909f56bfc062723c751e8b465ee728b)  -> (artifact id: 'f2f73550f6ca6e1e78bbcb090855a40f') in 0.074499 seconds 
  Import took 0.077791 seconds .

========================================================================
Received Import Request.
  Time since last request: 0.323698 seconds.
  path: Assets/Prefabs/Yellow.prefab
  artifactKey: Guid(b10fe415befbc16419b12616d8daf45b) Importer(815301076,1909f56bfc062723c751e8b465ee728b)
Start importing Assets/Prefabs/Yellow.prefab using Guid(b10fe415befbc16419b12616d8daf45b) Importer(815301076,1909f56bfc062723c751e8b465ee728b)  -> (artifact id: 'e591039b9ddd49be1ace6b12223d0ea7') in 0.015037 seconds 
  Import took 0.018838 seconds .

========================================================================
Received Import Request.
  Time since last request: 0.786325 seconds.
  path: Assets/Prefabs/Yellow.prefab
  artifactKey: Guid(b10fe415befbc16419b12616d8daf45b) Importer(815301076,1909f56bfc062723c751e8b465ee728b)
Start importing Assets/Prefabs/Yellow.prefab using Guid(b10fe415befbc16419b12616d8daf45b) Importer(815301076,1909f56bfc062723c751e8b465ee728b)  -> (artifact id: 'bde8e7f01935c6680a3410e174efaa47') in 0.030693 seconds 
  Import took 0.034185 seconds .

========================================================================
Received Import Request.
  Time since last request: 7.377106 seconds.
  path: Assets/Prefabs/Purple.prefab
  artifactKey: Guid(078eee5a7fb805642a3df87dca89eb59) Importer(815301076,1909f56bfc062723c751e8b465ee728b)
Start importing Assets/Prefabs/Purple.prefab using Guid(078eee5a7fb805642a3df87dca89eb59) Importer(815301076,1909f56bfc062723c751e8b465ee728b)  -> (artifact id: '5cbf207616e9f4539cf8917ce73c4fcf') in 0.017451 seconds 
  Import took 0.021380 seconds .

========================================================================
Received Import Request.
  Time since last request: 0.821215 seconds.
  path: Assets/Prefabs/Purple.prefab
  artifactKey: Guid(078eee5a7fb805642a3df87dca89eb59) Importer(815301076,1909f56bfc062723c751e8b465ee728b)
Start importing Assets/Prefabs/Purple.prefab using Guid(078eee5a7fb805642a3df87dca89eb59) Importer(815301076,1909f56bfc062723c751e8b465ee728b)  -> (artifact id: '015bf0f0c0ea40a1ec62c4f0f3561909') in 0.051914 seconds 
  Import took 0.055943 seconds .

========================================================================
Received Import Request.
  Time since last request: 4.992831 seconds.
  path: Assets/Prefabs/Red.prefab
  artifactKey: Guid(924a1ac823c352d4cad742f72e632e80) Importer(815301076,1909f56bfc062723c751e8b465ee728b)
Start importing Assets/Prefabs/Red.prefab using Guid(924a1ac823c352d4cad742f72e632e80) Importer(815301076,1909f56bfc062723c751e8b465ee728b)  -> (artifact id: 'c0a869101b02fe0bf5fa5d7b5d4585d1') in 0.030564 seconds 
  Import took 0.033971 seconds .

========================================================================
Received Import Request.
  Time since last request: 0.713797 seconds.
  path: Assets/Prefabs/Red.prefab
  artifactKey: Guid(924a1ac823c352d4cad742f72e632e80) Importer(815301076,1909f56bfc062723c751e8b465ee728b)
Start importing Assets/Prefabs/Red.prefab using Guid(924a1ac823c352d4cad742f72e632e80) Importer(815301076,1909f56bfc062723c751e8b465ee728b)  -> (artifact id: 'afdd5ba1b5120a52d2d2410778641b22') in 0.033624 seconds 
  Import took 0.037054 seconds .

========================================================================
Received Import Request.
  Time since last request: 10.320520 seconds.
  path: Assets/Prefabs/Paddle.prefab
  artifactKey: Guid(8bd9d1e6b2a641a4c9444adcdb2b15b3) Importer(815301076,1909f56bfc062723c751e8b465ee728b)
Start importing Assets/Prefabs/Paddle.prefab using Guid(8bd9d1e6b2a641a4c9444adcdb2b15b3) Importer(815301076,1909f56bfc062723c751e8b465ee728b)  -> (artifact id: '8c4d4bac55c20035a1c434a6f247927c') in 0.031637 seconds 
  Import took 0.035249 seconds .

========================================================================
Received Import Request.
  Time since last request: 0.894745 seconds.
  path: Assets/Prefabs/Paddle.prefab
  artifactKey: Guid(8bd9d1e6b2a641a4c9444adcdb2b15b3) Importer(815301076,1909f56bfc062723c751e8b465ee728b)
Start importing Assets/Prefabs/Paddle.prefab using Guid(8bd9d1e6b2a641a4c9444adcdb2b15b3) Importer(815301076,1909f56bfc062723c751e8b465ee728b)  -> (artifact id: 'da47693e2f80048aae6d94c925abbe2b') in 0.013363 seconds 
  Import took 0.016554 seconds .

========================================================================
Received Import Request.
  Time since last request: 1.598268 seconds.
  path: Assets/Prefabs/Paddle.prefab
  artifactKey: Guid(8bd9d1e6b2a641a4c9444adcdb2b15b3) Importer(815301076,1909f56bfc062723c751e8b465ee728b)
Start importing Assets/Prefabs/Paddle.prefab using Guid(8bd9d1e6b2a641a4c9444adcdb2b15b3) Importer(815301076,1909f56bfc062723c751e8b465ee728b)  -> (artifact id: '69a9e415f71b5448024e3731bbab1172') in 0.013614 seconds 
  Import took 0.016878 seconds .

========================================================================
Received Import Request.
  Time since last request: 1.809710 seconds.
  path: Assets/Prefabs/Paddle.prefab
  artifactKey: Guid(8bd9d1e6b2a641a4c9444adcdb2b15b3) Importer(815301076,1909f56bfc062723c751e8b465ee728b)
Start importing Assets/Prefabs/Paddle.prefab using Guid(8bd9d1e6b2a641a4c9444adcdb2b15b3) Importer(815301076,1909f56bfc062723c751e8b465ee728b)  -> (artifact id: 'a0dc2958ded1c7f7a66dcfd0eac47c62') in 0.029714 seconds 
  Import took 0.033652 seconds .

========================================================================
Received Import Request.
  Time since last request: 1.590566 seconds.
  path: Assets/Prefabs/Paddle.prefab
  artifactKey: Guid(8bd9d1e6b2a641a4c9444adcdb2b15b3) Importer(815301076,1909f56bfc062723c751e8b465ee728b)
Start importing Assets/Prefabs/Paddle.prefab using Guid(8bd9d1e6b2a641a4c9444adcdb2b15b3) Importer(815301076,1909f56bfc062723c751e8b465ee728b)  -> (artifact id: 'c3cfec42094dae4c502bef297ab38678') in 0.013817 seconds 
  Import took 0.017038 seconds .

========================================================================
Received Import Request.
  Time since last request: 0.589141 seconds.
  path: Assets/Prefabs/Paddle.prefab
  artifactKey: Guid(8bd9d1e6b2a641a4c9444adcdb2b15b3) Importer(815301076,1909f56bfc062723c751e8b465ee728b)
Start importing Assets/Prefabs/Paddle.prefab using Guid(8bd9d1e6b2a641a4c9444adcdb2b15b3) Importer(815301076,1909f56bfc062723c751e8b465ee728b)  -> (artifact id: 'a2b7a6e0afb020f7394f75ec40ff116f') in 0.018128 seconds 
  Import took 0.021950 seconds .

========================================================================
Received Import Request.
  Time since last request: 18.549436 seconds.
  path: Assets/Prefabs/Invincible.prefab
  artifactKey: Guid(e0c21d342fd6b9945a020cb2da47f213) Importer(815301076,1909f56bfc062723c751e8b465ee728b)
Start importing Assets/Prefabs/Invincible.prefab using Guid(e0c21d342fd6b9945a020cb2da47f213) Importer(815301076,1909f56bfc062723c751e8b465ee728b)  -> (artifact id: '2ab74d4b190269935b736ee4af07be18') in 0.014511 seconds 
  Import took 0.018469 seconds .

========================================================================
Received Prepare
Registering precompiled user dll's ...
Registered in 0.007232 seconds.
Begin MonoManager ReloadAssembly
Native extension for WindowsStandalone target not found
Refreshing native plugins compatible for Editor in 1.25 ms, found 2 plugins.
Preloading 0 native plugins for Editor in 0.00 ms.
Mono: successfully reloaded assembly
- Completed reload, in  1.257 seconds
Domain Reload Profiling:
	ReloadAssembly (1258ms)
		BeginReloadAssembly (138ms)
			ExecutionOrderSort (0ms)
			DisableScriptedObjects (7ms)
			BackupInstance (0ms)
			ReleaseScriptingObjects (0ms)
			CreateAndSetChildDomain (36ms)
		EndReloadAssembly (1041ms)
			LoadAssemblies (112ms)
			RebuildTransferFunctionScriptingTraits (0ms)
			SetupTypeCache (342ms)
			ReleaseScriptCaches (1ms)
			RebuildScriptCaches (52ms)
			SetupLoadedEditorAssemblies (415ms)
				LogAssemblyErrors (0ms)
				InitializePlatformSupportModulesInManaged (6ms)
				SetLoadedEditorAssemblies (1ms)
				RefreshPlugins (1ms)
				BeforeProcessingInitializeOnLoad (96ms)
				ProcessInitializeOnLoadAttributes (252ms)
				ProcessInitializeOnLoadMethodAttributes (48ms)
				AfterProcessingInitializeOnLoad (11ms)
				EditorAssembliesLoaded (0ms)
			ExecutionOrderSort2 (0ms)
			AwakeInstancesAfterBackupRestoration (9ms)
Platform modules already initialized, skipping
Refreshing native plugins compatible for Editor in 0.78 ms, found 2 plugins.
Preloading 0 native plugins for Editor in 0.00 ms.
Unloading 2128 Unused Serialized files (Serialized files now loaded: 0)
System memory in use before: 87.7 MB.
System memory in use after: 87.8 MB.

Unloading 49 unused Assets to reduce memory usage. Loaded Objects now: 2552.
Total: 6.606000 ms (FindLiveObjects: 0.217800 ms CreateObjectMapping: 0.053200 ms MarkObjects: 6.305100 ms  DeleteObjects: 0.028300 ms)

AssetImportParameters requested are different than current active one (requested -> active):
  custom:framework-win-MediaFoundation: 216162199b28c13a410421893ffa2e32 -> 
  custom:video-decoder-ogg-theora: a1e56fd34408186e4bbccfd4996cb3dc -> 
  custom:container-muxer-webm: aa71ff27fc2769a1b78a27578f13a17b -> 
  custom:container-demuxer-webm: 4f35f7cbe854078d1ac9338744f61a02 -> 
  custom:container-demuxer-ogg: 62fdf1f143b41e24485cea50d1cbac27 -> 
  custom:video-encoder-webm-vp8: eb34c28f22e8b96e1ab97ce403110664 -> 
  custom:video-decoder-webm-vp8: 9c59270c3fd7afecdb556c50c9e8de78 -> 
  custom:audio-decoder-ogg-vorbis: bf7c407c2cedff20999df2af8eb42d56 -> 
  custom:audio-encoder-webm-vorbis: bf7c407c2cedff20999df2af8eb42d56 -> 
AssetImportWorkerClient::OnTransportError - code=2 error=End of file
